<?xml version="1.0" encoding="UTF-8"?>
<!-- Generated by org.testng.reporters.JUnitReportReporter -->
<testsuite skipped="0" hostname="DESKTOP-8EQSD1V" name="com.ErgodeITTestRunner.SearchForPerBook" tests="1" failures="0" timestamp="2021-04-03T14:27:33 IST" time="79.719" errors="0">
  <testcase name="searchForBook" time="79.719" classname="com.ErgodeITTestRunner.SearchForPerBook"/>
  <system-out/>
</testsuite> <!-- com.ErgodeITTestRunner.SearchForPerBook -->
