<?xml version="1.0" encoding="UTF-8"?>
<!-- Generated by org.testng.reporters.JUnitReportReporter -->
<testsuite skipped="0" hostname="DESKTOP-8EQSD1V" name="com.ErgodeITTestRunner.ErgodeRegisterAccount" tests="1" failures="0" timestamp="2021-04-03T14:19:57 IST" time="107.882" errors="0">
  <testcase name="AccountRegister" time="107.882" classname="com.ErgodeITTestRunner.ErgodeRegisterAccount"/>
  <system-out/>
</testsuite> <!-- com.ErgodeITTestRunner.ErgodeRegisterAccount -->
