<?xml version="1.0" encoding="UTF-8"?>
<!-- Generated by org.testng.reporters.JUnitReportReporter -->
<testsuite skipped="0" hostname="DESKTOP-8EQSD1V" name="com.ErgodeITTestRunner.ClickForLastBook" tests="1" failures="0" timestamp="2021-04-03T14:28:52 IST" time="57.756" errors="0">
  <testcase name="searchForLastBook" time="57.756" classname="com.ErgodeITTestRunner.ClickForLastBook"/>
  <system-out/>
</testsuite> <!-- com.ErgodeITTestRunner.ClickForLastBook -->
