<?xml version="1.0" encoding="UTF-8"?>
<!-- Generated by org.testng.reporters.JUnitReportReporter -->
<testsuite skipped="0" hostname="DESKTOP-8EQSD1V" name="com.ErgodeITTestRunner.AddToCart" tests="1" failures="0" timestamp="2021-04-08T18:41:53 IST" time="47.919" errors="0">
  <testcase name="ClickonAddToCart" time="47.919" classname="com.ErgodeITTestRunner.AddToCart"/>
  <system-out/>
</testsuite> <!-- com.ErgodeITTestRunner.AddToCart -->
