<?xml version="1.0" encoding="UTF-8"?>
<!-- Generated by org.testng.reporters.JUnitReportReporter -->
<testsuite skipped="0" hostname="DESKTOP-8EQSD1V" name="com.ErgodeITTestRunner.ErgodLogin" tests="1" failures="0" timestamp="2021-04-03T14:21:55 IST" time="87.894" errors="0">
  <testcase name="LoginPage" time="87.894" classname="com.ErgodeITTestRunner.ErgodLogin"/>
  <system-out/>
</testsuite> <!-- com.ErgodeITTestRunner.ErgodLogin -->
